<?xml version="1.0" encoding="UTF-8"?><testsuite errors="0" failures="0" name="Como empleado y con rol administrativo necesito ingresar al sistema con el fin de" skipped="3" tests="4" time="50.4" timestamp="2021-10-23 07:00:53"><testcase name="Inicio de sesion exitoso"/><testcase name="Inicio de sesión donde el password es inválido"><skipped/></testcase><testcase name="Inicio de sesión donde el usuario es inválido"><skipped/></testcase><testcase name="Inicio de sesión donde no se introducen credenciales"><skipped/></testcase></testsuite>